(node:6983) [MODULE_TYPELESS_PACKAGE_JSON] Warning: Module type of file:///Users/tomasvukojicic/Alimnet%20v3/src/scripts/sanitize_locations.ts is not specified and it doesn't parse as CommonJS.
Reparsing as ES module because module syntax was detected. This incurs a performance overhead.
To eliminate this warning, add "type": "module" to /Users/tomasvukojicic/Alimnet v3/package.json.
(Use `node --trace-warnings ...` to show where the warning was created)
[dotenv@17.3.1] injecting env (7) from .env.local -- tip: 🛠️  run anywhere with `dotenvx run -- yourcommand`
🌎 INICIANDO RESCATE DE COMERCIOS: GEOLOCALIZACIÓN PROFUNDA...
🔍 Encontradas 246 ubicaciones para procesar.
📍 Procesando: Río de Janeiro 1700, S2300 Rafaela, Santa Fe, Argentina, Arroyo Seco y zona, Santa Fé, Argentina...
✅ [COORDENADAS] -31.2717493, -61.4677407
📍 Procesando: Diagonal 25 de mayo s/n, zona rural, S2132 Funes, Santa Fe, Argentina, Rosario, Funes, Roldán, Santa Fé, Argentina...
✅ [COORDENADAS] -33.0330467, -60.6558515
📍 Procesando: Del Viso, Buenos Aires, Argentina...
✅ [COORDENADAS] -34.4476799, -58.8052387
📍 Procesando: Fátima, Manzanares, Tortuguitas, Mathew, Pilar, Zelaya, Buenos Aires, Argentina...
✅ [COORDENADAS] -34.453187, -59.00039090000001
📍 Procesando: Cabildo 676, B1617 Gral. Pacheco, Provincia de Buenos Aires, Argentina, El Talar, Pacheco, Buenos Aires, Argentina...
✅ [COORDENADAS] -34.464327, -58.6281313
📍 Procesando: Antártida Argentina 750, B1625 Belén de Escobar, Provincia de Buenos Aires, Argentina, Escobar, Maschwitz, Buenos Aires, Argentina...
✅ [COORDENADAS] -34.3571847, -58.76343319999999
📍 Procesando: Las Garzas, B1623, Provincia de Buenos Aires, Argentina, Escobar, Maschwitz, Buenos Aires, Argentina...
✅ [COORDENADAS] -34.3907414, -58.7299561
📍 Procesando: Juan Mermoz Nte. 2433, B1625 Belén de Escobar, Provincia de Buenos Aires, Argentina, Escobar, Maschwitz, Buenos Aires, Argentina...
✅ [COORDENADAS] -34.3225296, -58.78707739999999
📍 Procesando: Av. San Martin 511 Entre Echeverria y Las Heras, B2814 Los Cardales, Provincia de Buenos Aires, Argentina, Exaltación de la Cruz, Cardales, Campana, Zárate, Maswich, Escobar, Pilar, Moreno, Buenos Aires, Argentina...
✅ [COORDENADAS] -34.3283474, -58.9866859
📍 Procesando: ADF, Juan Bautista Justo 1516, B1603 Florida, Provincia de Buenos Aires, Argentina, Florida, Buenos Aires, Argentina...
✅ [COORDENADAS] -34.5293395, -58.495237
📍 Procesando: Vieytes 602, B1640EKH Martínez, Provincia de Buenos Aires, Argentina, Martinez, Buenos Aires, Argentina...
✅ [COORDENADAS] -34.4817121, -58.4973265
📍 Procesando: Catamarca 501, B1640 Martínez, Provincia de Buenos Aires, Argentina, Martinez, Buenos Aires, Argentina...
✅ [COORDENADAS] -34.4844316, -58.51208519999999
📍 Procesando: Colectora Panamericana 824, B1640 Martínez, Provincia de Buenos Aires, Argentina, Martinez, Buenos Aires, Argentina...
✅ [COORDENADAS] -34.5063743, -58.5355471
📍 Procesando: ABB, Ing. Guillermo Marconi 541, B1685 El Palomar, Provincia de Buenos Aires, Argentina, Palomar, Buenos Aires, Argentina...
✅ [COORDENADAS] -34.6090661, -58.59218449999999
📍 Procesando: Chacabuco 564, B1629APH Pilar, Provincia de Buenos Aires, Argentina, Pilar, Buenos Aires, Argentina...
✅ [COORDENADAS] -34.4576055, -58.9091592
📍 Procesando: Los Manzanos 1435, B1629 Pilar Centro, Provincia de Buenos Aires, Argentina, Pilar y Zona Norte, Buenos Aires, Argentina...
✅ [COORDENADAS] -34.4462492, -58.87198900000001
📍 Procesando: Pavón, Provincia de Buenos Aires, Argentina, Pilar, Campana, Zarate, Buenos Aires, Argentina...
✅ [COORDENADAS] -34.0898135, -59.0480107
📍 Procesando: Av. San Martin 511 Entre Echeverria y Las Heras, B2814 Los Cardales, Provincia de Buenos Aires, Argentina, Pilar, Campana, Zarate, Buenos Aires, Argentina...
✅ [COORDENADAS] -34.3283474, -58.9866859
📍 Procesando: Av. Sucre 2183, B1643 Béccar, Provincia de Buenos Aires, Argentina, San Isidro y Alrededores, Buenos Aires, Argentina...
✅ [COORDENADAS] -34.4774871, -58.5549455
📍 Procesando: B1648DAV, Av. Liniers 1018, B1648DAV Tigre, Provincia de Buenos Aires, Argentina, Tigre, Buenos Aires, Argentina...
✅ [COORDENADAS] -34.4180662, -58.58814999999999
📍 Procesando: Fernando Fader 293, B1618 Tigre, Provincia de Buenos Aires, Argentina, Tigre, San Fernando, Buenos Aires, Argentina...
✅ [COORDENADAS] -34.463978, -58.5833895
📍 Procesando: Los Mimbres 1, B1648 Tigre, Provincia de Buenos Aires, Argentina, Vicente Lopez, San Isidro, Tigre, El Talar, San Fernando, Nordelta, Buenos Aires, Argentina...
✅ [COORDENADAS] -34.421468, -58.57180040000001
📍 Procesando: El Indio 2105, B1607 Villa Adelina, Provincia de Buenos Aires, Argentina, Villa Adelina, Maschwitz, Buenos Aires, Argentina...
✅ [COORDENADAS] -34.5246062, -58.54944920000001
📍 Procesando: Buenos Aires, Av. Bartolomé Mitre 2455, B1605BTE Munro, Provincia de Buenos Aires, Argentina, Villa Martelli, Buenos Aires, Argentina...
✅ [COORDENADAS] -34.5278377, -58.5169085
📍 Procesando: Av. Pueyrredón 2088, C1119ACQ Cdad. Autónoma de Buenos Aires, Argentina, Buenos Aires, Argentina...
✅ [COORDENADAS] -34.5879361, -58.3983447
📍 Procesando: 3V48+5W, Arturo Seguí, Buenos Aires Province, Argentina, Buenos Aires, Argentina...
✅ [COORDENADAS] -34.6036739, -58.3821215
📍 Procesando: Martín J. Haedo 1505, B1638 Vicente López, Provincia de Buenos Aires, Argentina, Buenos Aires, Argentina...
✅ [COORDENADAS] -34.5287818, -58.4813664
📍 Procesando: Gral. Pinto 1301-1365, B1743LPM, B1743 Trujui, Provincia de Buenos Aires, Argentina, Buenos Aires, Argentina...
✅ [COORDENADAS] -34.5987548, -58.76673590000001
📍 Procesando: Gral. José de San Martín 2400, B1602 Florida, Provincia de Buenos Aires, Argentina, Buenos Aires, Argentina...
✅ [COORDENADAS] -34.5293262, -58.4945659
📍 Procesando: El Indio 2105, B1607 Villa Adelina, Provincia de Buenos Aires, Argentina, Buenos Aires, Argentina...
✅ [COORDENADAS] -34.5246062, -58.54944920000001
📍 Procesando: B1712GTS, Stevenson 2355, B1712GTS Morón, Provincia de Buenos Aires, Argentina, Morón, Buenos Aires, Argentina...
✅ [COORDENADAS] -34.696545, -58.64877269999999
📍 Procesando: Av. de Mayo 434, B1704 Ramos Mejía, Provincia de Buenos Aires, Argentina, Ramos Mejia, Buenos Aires, Argentina...
✅ [COORDENADAS] -34.6447403, -58.5646782
📍 Procesando: Avellaneda, Buenos Aires, Argentina...
✅ [COORDENADAS] -34.6610756, -58.3669739
📍 Procesando: Ezeiza, Buenos Aires, Argentina...
✅ [COORDENADAS] -34.8533627, -58.52120670000001
📍 Procesando: Mar del Plata, Buenos Aires, Argentina...
✅ [COORDENADAS] -38.0054771, -57.5426106
📍 Procesando: Moine 1459, B1661 Bella Vista, Provincia de Buenos Aires, Argentina, Bellavista, Muñiz, San Miguel, Buenos Aires, Argentina...
✅ [COORDENADAS] -34.5626037, -58.6838985
📍 Procesando: av. maestro ferreyra 2209, ricardo gutierrez 10683, B1663 San Miguel, Provincia de Buenos Aires, Argentina, Bellavista, San Miguel, Buenos Aires, Argentina...
✅ [COORDENADAS] -34.5648917, -58.74822879999999
📍 Procesando: Mariano Moreno 181, B1704 Ramos Mejía, Provincia de Buenos Aires, Argentina, Castelar, Ituzaingó, Ramos Mejía, Padua, Villa Udaondo, Haedo, San Justo, Buenos Aires, Argentina...
✅ [COORDENADAS] -34.6421663, -58.5628017
📍 Procesando: Ciudad Evita, Buenos Aires Province, Argentina, Ciudad Evita, Buenos Aires, Argentina...
✅ [COORDENADAS] -34.7293748, -58.52659860000001
📍 Procesando: Pres. Domingo Faustino Sarmiento 2902, B1712BPD Castelar, Provincia de Buenos Aires, Argentina, De Ramos Mejía hasta Moreno, Buenos Aires, Argentina...
✅ [COORDENADAS] -34.6447056, -58.64789419999999
📍 Procesando: Villa San Luis, Buenos Aires Province, Argentina, Florencio Varela, Buenos Aires, Argentina...
✅ [COORDENADAS] -34.7965806, -58.27601199999999
📍 Procesando: Av. Corrientes 1000, C1035 Cdad. Autónoma de Buenos Aires, Argentina, Almirante Brown y toda zona sur, Buenos Aires, Argentina...
✅ [COORDENADAS] -34.6037681, -58.38080979999999
📍 Procesando: Manuel Acevedo 1470, B1828CHK Banfield, Provincia de Buenos Aires, Argentina, Banfield, Buenos Aires, Argentina...
✅ [COORDENADAS] -34.7432253, -58.3977411
📍 Procesando: C. 525 525, El Pato, Provincia de Buenos Aires, Argentina, El Pato, Berazategui, Buenos Aires, Argentina...
✅ [COORDENADAS] -34.904041, -58.18970820000001
📍 Procesando: 9 de Julio 96, B1876 Bernal, Provincia de Buenos Aires, Argentina, Bernal, Quilmes, San Fco. Solano, Wilde, CABA, Buenos Aires, Argentina...
✅ [COORDENADAS] -34.7113914, -58.2820495
📍 Procesando: RP210 2100, B1832 Lomas de Zamora, Provincia de Buenos Aires, Argentina, Lomas de Zamora, Buenos Aires, Argentina...
✅ [COORDENADAS] -34.7612388, -58.39631010000001
📍 Procesando: Triunvirato 808, B1834 Temperley, Provincia de Buenos Aires, Argentina, Lomas de Zamora, Adrogue, Marmol, Birzaco, Temperley, Buenos Aires, Argentina...
✅ [COORDENADAS] -34.7790412, -58.3844291
📍 Procesando: Bartolomé Mitre 1278, B1846 Adrogué, Provincia de Buenos Aires, Argentina, Adrogué, Buenos Aires, Argentina...
✅ [COORDENADAS] -34.7969026, -58.39059679999999
📍 Procesando: GHR Rafael Calzada Buenos Aires AR, Dardo Rocha 5542, B1847 San Francisco Solano, Provincia de Buenos Aires, Argentina, Rafael Calzada, Buenos Aires, Argentina...
✅ [COORDENADAS] -34.7841461, -58.32904060000001
📍 Procesando: Almte. Brown 342, B1879 Quilmes, Provincia de Buenos Aires, Argentina, Quilmes, Buenos Aires, Argentina...
✅ [COORDENADAS] -34.7174014, -58.2593298
📍 Procesando: Catamarca 3761, B1824 Lanús, Provincia de Buenos Aires, Argentina, Lanus Oeste, Buenos Aires, Argentina...
✅ [COORDENADAS] -34.7045473, -58.422145
📍 Procesando: Av. 12 de Octubre 2133, B1879 Quilmes, Provincia de Buenos Aires, Argentina, Quilmes, Berazategui y alrededores, Buenos Aires, Argentina...
✅ [COORDENADAS] -34.737721, -58.2801635
📍 Procesando: Av. Gral. Las Heras 3868, C1425 Cdad. Autónoma de Buenos Aires, Argentina, Buenos Aires, Argentina...
✅ [COORDENADAS] -34.581934, -58.4137502
📍 Procesando: Tucumán 811, C1049 AAQ, Cdad. Autónoma de Buenos Aires, Argentina, Buenos Aires, Argentina...
✅ [COORDENADAS] -34.6011455, -58.3783427
📍 Procesando: Rondeau 4143, C1262 Cdad. Autónoma de Buenos Aires, Argentina, Buenos Aires, Argentina...
✅ [COORDENADAS] -34.6375238, -58.42213839999999
📍 Procesando: Villa San Luis, Buenos Aires Province, Argentina, Buenos Aires, Argentina...
✅ [COORDENADAS] -34.8701864, -58.26809540000001
📍 Procesando: Esteban Echeverría, Monte Grande, Provincia de Buenos Aires, Argentina, Buenos Aires, Argentina...
✅ [COORDENADAS] -34.7966662, -58.4773775
📍 Procesando: Montevideo 1994, S2000BSN Rosario, Santa Fe, Argentina, Buenos Aires, Argentina...
✅ [COORDENADAS] -32.9538493, -60.6527323
📍 Procesando: Calle 749, Rumenco y, B7605, Provincia de Buenos Aires, Argentina, Chapadmalal, Buenos Aires, Argentina...
✅ [COORDENADAS] -38.1794911, -57.6654847
📍 Procesando: Golfo San Jorge, Centro 477, B7606 La Caleta, Provincia de Buenos Aires, Argentina, Mar Chiquita, La Caleta, Buenos Aires, Argentina...
✅ [COORDENADAS] -37.7825141, -57.4653449
📍 Procesando: México 1400, B7604FLD Mar del Plata, Provincia de Buenos Aires, Argentina, Mar del Plata, Buenos Aires, Argentina...
✅ [COORDENADAS] -37.9824554, -57.5739193
📍 Procesando: CQO, 14 de Julio 2000, B7600 Mar del Plata, Provincia de Buenos Aires, Argentina, Mar del Plata, Buenos Aires, Argentina...
✅ [COORDENADAS] -37.996158, -57.55979300000001
📍 Procesando: Strobel 4711, B7600 Mar del Plata, Provincia de Buenos Aires, Argentina, Mar del Plata, Buenos Aires, Argentina...
✅ [COORDENADAS] -37.9733077, -57.5557728
📍 Procesando: Talcahuano 1489, B7608BNE Mar del Plata, Provincia de Buenos Aires, Argentina, Mar del Plata, Buenos Aires, Argentina...
✅ [COORDENADAS] -38.0330219, -57.5782409
📍 Procesando: Strobel 4711, B7600 Mar del Plata, Provincia de Buenos Aires, Argentina, Mar del Plata, Buenos Aires, Argentina...
✅ [COORDENADAS] -37.9733077, -57.5557728
📍 Procesando: Mar del Plata, Chapadmalal, Buenos Aires, Argentina...
✅ [COORDENADAS] -38.173056, -57.65194400000001
📍 Procesando: Villa de Mayo, Malvinas Argentinas, Buenos Aires, Argentina...
✅ [COORDENADAS] -34.5114258, -58.67942439999999
📍 Procesando: Alvarado 323, B7600 Mar del Plata, Provincia de Buenos Aires, Argentina, Mar del Plata, Buenos Aires, Argentina...
✅ [COORDENADAS] -38.0211693, -57.5325017
📍 Procesando: AGN, Francia 698, B7600 Mar del Plata, Provincia de Buenos Aires, Argentina, Mar del Plata, Buenos Aires, Argentina...
✅ [COORDENADAS] -38.0054771, -57.5426106
📍 Procesando: Córdoba 4293, B7602CBJ Mar del Plata, Provincia de Buenos Aires, Argentina, Mar del Plata, Buenos Aires, Argentina...
✅ [COORDENADAS] -38.0201545, -57.5637674
📍 Procesando: C. 85 301, Villa Díaz Vélez, B7630IVE, B7632 Necochea, Provincia de Buenos Aires, Argentina, Necochea Quequén, Buenos Aires, Argentina...
✅ [COORDENADAS] -38.5811007, -58.731779
📍 Procesando: Ricardo Gutiérrez 427, B2740 Arrecifes, Provincia de Buenos Aires, Argentina, Arrecifes, Buenos Aires, Argentina...
✅ [COORDENADAS] -34.0642145, -60.1062267
📍 Procesando: Salta 194, B8000 Bahía Blanca, Provincia de Buenos Aires, Argentina, Bahía Blanca, Buenos Aires, Argentina...
✅ [COORDENADAS] -38.7092062, -62.2724534
📍 Procesando: Av. Montevideo 2283, B1923 Berisso, Provincia de Buenos Aires, Argentina, Berisso, Buenos Aires, Argentina...
✅ [COORDENADAS] -34.8745681, -57.86695460000001
📍 Procesando: B6640 Bragado, Buenos Aires Province, Argentina, Bragado, Buenos Aires, Argentina...
✅ [COORDENADAS] -35.1154755, -60.48994130000001
📍 Procesando: Gral. Paz Bernardo de Irigoyen & Carlos Keen, B6701 Buenos Aires, Provincia de Buenos Aires, Argentina, Capitan Sarmiento, Buenos Aires, Argentina...
✅ [COORDENADAS] -34.4880785, -59.2159518
📍 Procesando: 936C+97, General Rodríguez, Buenos Aires Province, Argentina, General Belgrano, Buenos Aires, Argentina...
✅ [COORDENADAS] -34.6390625, -58.92931249999999
📍 Procesando: Av. Almafuerte 394, B1856 Glew, Provincia de Buenos Aires, Argentina, Glew, Buenos Aires, Argentina...
✅ [COORDENADAS] -34.8897256, -58.37849749999999
📍 Procesando: 20 de Septiembre 150, B6000 Junín, Provincia de Buenos Aires, Argentina, Junin, Buenos Aires, Argentina...
✅ [COORDENADAS] -34.5967302, -60.94462859999999
📍 Procesando: Céspedes 3004, C1426DVD Cdad. Autónoma de Buenos Aires, Argentina, La Plata, Buenos Aires, Argentina...
✅ [COORDENADAS] -34.5743644, -58.45191909999999
📍 Procesando: RP13 4438, B1908GYR San Carlos, Provincia de Buenos Aires, Argentina, La Plata, Buenos Aires, Argentina...
✅ [COORDENADAS] -34.9212916, -58.01614179999999
📍 Procesando: C. 5 180, B1902 La Plata, Provincia de Buenos Aires, Argentina, La Plata, Buenos Aires, Argentina...
✅ [COORDENADAS] -34.9015881, -57.9626887
📍 Procesando: 1894, B1894 La Plata, Provincia de Buenos Aires, Argentina, La Plata, Buenos Aires, Argentina...
✅ [COORDENADAS] -34.9204948, -57.95356570000001
📍 Procesando: Av. 7 1486, B1900 La Plata, Provincia de Buenos Aires, Argentina, La Plata, Buenos Aires, Argentina...
✅ [COORDENADAS] -34.9230434, -57.9382518
📍 Procesando: Calle 20 878, C. 17 1800, B1900 La Plata, Provincia de Buenos Aires, Argentina, La Plata, Buenos Aires, Argentina...
✅ [COORDENADAS] -34.9267922, -57.9632464
📍 Procesando: Cno. Gral. Belgrano 3040, B1897CBP Gonnet, Provincia de Buenos Aires, Argentina, La Plata, Buenos Aires, Argentina...
✅ [COORDENADAS] -34.8899265, -58.018934
📍 Procesando: C. 615, Buenos Aires, Provincia de Buenos Aires, Argentina, La Plata, Buenos Aires, Argentina...
✅ [COORDENADAS] -34.9482959, -57.871818
📍 Procesando: C. 446 y 157, B1896 City Bell, Provincia de Buenos Aires, Argentina, La Plata, Buenos Aires, Argentina...
✅ [COORDENADAS] -34.9150585, -58.09637959999999
📍 Procesando: Maipú 580, B7240 Lobos, Provincia de Buenos Aires, Argentina, Lobos, Buenos Aires, Argentina...
✅ [COORDENADAS] -35.1853611, -59.0975278
📍 Procesando: Luján, Buenos Aires Province, Argentina, Luján, Buenos Aires, Argentina...
✅ [COORDENADAS] -34.5633312, -59.1208805
📍 Procesando: San Martín 51, B6700CCU Luján, Provincia de Buenos Aires, Argentina, Luján, Buenos Aires, Argentina...
✅ [COORDENADAS] -34.5639524, -59.12180120000001
📍 Procesando: Mercedes, Buenos Aires Province, Argentina, Mercedes, Buenos Aires, Argentina...
✅ [COORDENADAS] -34.6510201, -59.43059960000001
📍 Procesando: C. 37 4324, B6600 Mercedes, Provincia de Buenos Aires, Argentina, Mercedes, Buenos Aires, Argentina...
✅ [COORDENADAS] -34.6801742, -59.45229679999999
📍 Procesando: Unnamed Road, Murphy, Santa Fe, Argentina, San Nicolás, Buenos Aires, Argentina...
✅ [COORDENADAS] -34.603699, -58.381163
📍 Procesando: Carlos Pellegrini 902, B2930 San Pedro, Provincia de Buenos Aires, Argentina, San Pedro, Buenos Aires, Argentina...
✅ [COORDENADAS] -33.6797348, -59.665615
📍 Procesando: B7000 Tandil, Buenos Aires Province, Argentina, Tandil y alrededores, Buenos Aires, Argentina...
✅ [COORDENADAS] -37.3287999, -59.1367167
📍 Procesando: Paredes Este 1403, B6400 Trenque Lauquen, Provincia de Buenos Aires, Argentina, Trenque Lauquen, Buenos Aires, Argentina...
✅ [COORDENADAS] -35.9855725, -62.73237690000001
📍 Procesando: Tomás A. Le Bretón 5675, C1431BQL Villa Urquiza, Cdad. Autónoma de Buenos Aires, Argentina, Villa Pueyrredón, Buenos Aires, Argentina...
✅ [COORDENADAS] -34.5738574, -58.4960196
📍 Procesando: Thames 2147, C1425 Cdad. Autónoma de Buenos Aires, Argentina, Ciudad Autónoma de Buenos Aires, Argentina...
✅ [COORDENADAS] -34.584558, -58.4258196
📍 Procesando: Ciudad Autónoma de Buenos Aires, Argentina...
✅ [COORDENADAS] -34.6036739, -58.3821215
📍 Procesando: Embalse de Calambuchita, Córdoba, Argentina...
✅ [COORDENADAS] -32.2064407, -64.40083620000001
📍 Procesando: Av. Pueyrredón 2088, C1119ACQ Cdad. Autónoma de Buenos Aires, Argentina, Ciudad Autónoma de Buenos Aires, Argentina...
✅ [COORDENADAS] -34.5879361, -58.3983447
📍 Procesando: El Indio 2105, B1607 Villa Adelina, Provincia de Buenos Aires, Argentina, Ciudad Autónoma de Buenos Aires, Argentina...
✅ [COORDENADAS] -34.5246062, -58.54944920000001
📍 Procesando: Av. San Pedrito 167, C1406 Cdad. Autónoma de Buenos Aires, Argentina, Ciudad Autónoma de Buenos Aires, Argentina...
✅ [COORDENADAS] -34.6329838, -58.46895430000001
📍 Procesando: Pedro Benoit 732, B1722 Merlo, Provincia de Buenos Aires, Argentina, Ciudad Autónoma de Buenos Aires, Argentina...
✅ [COORDENADAS] -34.6685004, -58.7282483
📍 Procesando: Av. Rivadavia 3593, C1204AAA Cdad. Autónoma de Buenos Aires, Argentina, Ciudad Autónoma de Buenos Aires, Argentina...
✅ [COORDENADAS] -34.610757, -58.41695709999999
📍 Procesando: 3V48+5W, Arturo Seguí, Buenos Aires Province, Argentina, Ciudad Autónoma de Buenos Aires, Argentina...
✅ [COORDENADAS] -34.8886481, -58.1274163
📍 Procesando: Zapiola 1058, B1876 Quilmes, Provincia de Buenos Aires, Argentina, Ciudad Autónoma de Buenos Aires, Argentina...
✅ [COORDENADAS] -34.72258, -58.2963
📍 Procesando: Sanabria 2124, C1417 Cdad. Autónoma de Buenos Aires, Argentina, Ciudad Autónoma de Buenos Aires, Argentina...
✅ [COORDENADAS] -34.6171251, -58.50152049999999
📍 Procesando: Cdad. de la Paz 754, C1426AGN Cdad. Autónoma de Buenos Aires, Argentina, Ciudad Autónoma de Buenos Aires, Argentina...
✅ [COORDENADAS] -34.5714435, -58.44633899999999
📍 Procesando: CPG, Francia 4275, B1604 Florida Oeste, Provincia de Buenos Aires, Argentina, Ciudad Autónoma de Buenos Aires, Argentina...
✅ [COORDENADAS] -34.5367368, -58.51954909999999
📍 Procesando: DNI, Teodoro García 3209, C1426 C1426DNI, Cdad. Autónoma de Buenos Aires, Argentina, Ciudad Autónoma de Buenos Aires, Argentina...
✅ [COORDENADAS] -34.5775552, -58.4508131
📍 Procesando: Gorriti 5950, C1414 Cdad. Autónoma de Buenos Aires, Argentina, Ciudad Autónoma de Buenos Aires, Argentina...
✅ [COORDENADAS] -34.5822892, -58.441035
📍 Procesando: Unnamed Road, B1663 Cdad. Autónoma de Buenos Aires, Argentina, Ciudad Autónoma de Buenos Aires, Argentina...
✅ [COORDENADAS] -34.6036739, -58.3821215
📍 Procesando: Cabildo 676, B1617 Gral. Pacheco, Provincia de Buenos Aires, Argentina, Ciudad Autónoma de Buenos Aires, Argentina...
✅ [COORDENADAS] -34.464327, -58.6281313
📍 Procesando: Bonpland 1660, C1414CMT Cdad. Autónoma de Buenos Aires, Argentina, Ciudad Autónoma de Buenos Aires, Argentina...
✅ [COORDENADAS] -34.5835219, -58.4380696
📍 Procesando: Av. Dorrego 1429, C1414 CKJ, Cdad. Autónoma de Buenos Aires, Argentina, Ciudad Autónoma de Buenos Aires, Argentina...
✅ [COORDENADAS] -34.585483, -58.4447255
📍 Procesando: Paraná 220, C1017AAF Cdad. Autónoma de Buenos Aires, Argentina, Ciudad Autónoma de Buenos Aires, Argentina...
✅ [COORDENADAS] -34.606263, -58.38791800000001
📍 Procesando: Av. Gral. Las Heras 3107, C1425 Cdad. Autónoma de Buenos Aires, Argentina, Ciudad Autónoma de Buenos Aires, Argentina...
✅ [COORDENADAS] -34.5832684, -58.405471
📍 Procesando: Av. de los Constituyentes 2985, C1314 C1427BLA, Cdad. Autónoma de Buenos Aires, Argentina, Ciudad Autónoma de Buenos Aires, Argentina...
✅ [COORDENADAS] -34.5921166, -58.47570309999999
📍 Procesando: Piedras 575, C1070AAK Cdad. Autónoma de Buenos Aires, Argentina, Ciudad Autónoma de Buenos Aires, Argentina...
✅ [COORDENADAS] -34.6151226, -58.3774075
📍 Procesando: Ayacucho 101, C1025 Cdad. Autónoma de Buenos Aires, Argentina, Ciudad Autónoma de Buenos Aires, Argentina...
✅ [COORDENADAS] -34.6080708, -58.3948686
📍 Procesando: Juan B. Justo 1035, H3500ARO Resistencia, Chaco, Argentina, Resistencia, Chaco, Argentina...
✅ [COORDENADAS] -27.4600148, -58.9779101
📍 Procesando: PH53+H4, Gaiman, Chubut Province, Argentina, Rawson, Gaiman, Trelew, Playa Unión, Puerto Madryn, Chubut, Argentina...
✅ [COORDENADAS] -43.2910625, -65.4471875
📍 Procesando: Amboy, Córdoba Province, Argentina, Amboy, Córdoba, Argentina...
✅ [COORDENADAS] -32.1751765, -64.57338299999999
📍 Procesando: San Martin 816, X2434 Arroyito, Córdoba, Argentina, Arroyito, Córdoba, Argentina...
✅ [COORDENADAS] -31.41555, -63.05307080000001
📍 Procesando: Av. Los Nogales, X5000 Córdoba, Argentina, Córdoba Capital, Córdoba, Argentina...
✅ [COORDENADAS] -31.4335211, -64.1853669
📍 Procesando: Av. Rafael Núñez 5824, X5000 Córdoba, Argentina, Córdoba Capital, Córdoba, Argentina...
✅ [COORDENADAS] -31.3494659, -64.248306
📍 Procesando: Dr. Lazaro Langer 1120, X5016 Córdoba, Argentina, Córdoba, Córdoba, Argentina...
✅ [COORDENADAS] -31.446802, -64.21220269999999
📍 Procesando: San Luis 332, X5000 Córdoba, Argentina, Córdoba Capital - Barrio Güemes, Córdoba, Argentina...
✅ [COORDENADAS] -31.42190459999999, -64.1915855
📍 Procesando: Santiago de Compostela 89, X5194 Los Reartes, Córdoba, Argentina, Los Reartes, Valle de Calmbuchita, Córdoba, Argentina...
✅ [COORDENADAS] -31.9086679, -64.5676375
📍 Procesando: Bartolomé Mitre 61, X5887 Nono, Córdoba, Argentina, Nono, Traslsierra, Córdoba, Argentina...
✅ [COORDENADAS] -31.7967065, -65.0038577
📍 Procesando: RN151 km 24,5, R8301 Contralmirante Cordero, Río Negro, Argentina, Contralmirante Cordero, Neuquén, Argentina...
✅ [COORDENADAS] -38.757964, -68.101506
📍 Procesando: Zeballos 759, S2000 Rosario, Santa Fe, Argentina, Rosario y Gran Rosario, Villa Gobernador Galvez, El Trebol, San Lorenzo, Casilla I, Firmat, Alvear, Entre Rios, etc., Santa Fé, Argentina...
✅ [COORDENADAS] -32.9559872, -60.6356923
📍 Procesando: Villa Allende, Zona Norte, Sierras Chicas hasta Unquillo, Córdoba, Argentina...
✅ [COORDENADAS] -31.3056015, -64.2496461
📍 Procesando: Obispo Gelabert 3006, S3000FUN S3002CUE, Santa Fe, Argentina, Santa Fé Capital, Santa Fé, Argentina...
✅ [COORDENADAS] -31.6106578, -60.697294
📍 Procesando: Mallin, X5164 Santa María de Punilla, Córdoba, Argentina, Valle de Punilla, Córdoba, Argentina...
✅ [COORDENADAS] -31.3002751, -64.57737519999999
📍 Procesando: Uruguay 30, X5194 Villa Gral. Belgrano, Córdoba, Argentina, Villa General Belgrano, Córdoba, Argentina...
✅ [COORDENADAS] -31.9797828, -64.5607586
📍 Procesando: Los Manantiales 63, X5194 Villa Gral. Belgrano, Córdoba, Argentina, Villa General Belgrano, Valle de Calambuchita, Córdoba, Argentina...
✅ [COORDENADAS] -31.9773451, -64.5609939
📍 Procesando: Boulevard Vélez Sarsfield Autopista Córdoba - Rosario y, Villa María, Córdoba, Argentina, Villa María, Córdoba, Argentina...
✅ [COORDENADAS] -32.3956866, -63.2359263
📍 Procesando: Verón Astrada, Paso de la Patria, Corrientes, Argentina, Corrientes, Argentina...
✅ [COORDENADAS] -27.474329, -58.82168960000001
📍 Procesando: Cl. 99 #49-70, Barrios Unidos, Bogotá, Cundinamarca, Colombia, Corrientes, Argentina...
✅ [COORDENADAS] 4.674515899999999, -74.0719936
📍 Procesando: La Rioja 338, W3400BZA Corrientes, Argentina, Corrientes, Argentina...
✅ [COORDENADAS] -27.4620257, -58.8377127
📍 Procesando: Urquiza, Neyra &, E3269 Gualeguaychú, Entre Ríos, Argentina, Guleguaychu, Entre Ríos, Argentina...
✅ [COORDENADAS] -33.0090387, -58.52048860000001
📍 Procesando: 17 de Octubre 155, E3100 Paraná, Entre Ríos, Argentina, Paraná, Entre Ríos, Argentina...
✅ [COORDENADAS] -31.7519616, -60.52205350000001
📍 Procesando: Salta 1292, Y4600 San Salvador de Jujuy, Jujuy, Argentina, Jujuy, Argentina...
✅ [COORDENADAS] -24.1821795, -65.31103360000002
📍 Procesando: Av. Pres. Juan Domingo Perón 5110, L6303 Toay, La Pampa, Argentina, Toay, La Pampa, Argentina...
✅ [COORDENADAS] -36.651004, -64.3367428
📍 Procesando: Gral. M J Campos 489, L8200 Gral. Acha, La Pampa, Argentina, Santa Rosa, Toay, Gral Acha, La Pampa, Argentina...
✅ [COORDENADAS] -37.3727457, -64.60379499999999
📍 Procesando: Marcelo T. de Alvear 38 Entre Avellaneda, Cnel. Gil y, L6300 Santa Rosa, La Pampa, Argentina, Santa Rosa, La Pampa, Argentina...
✅ [COORDENADAS] -36.6730986, -64.37968409999999
📍 Procesando: Fortineras 2465, L6302ASN Santa Rosa, La Pampa, Argentina, Santa Rosa, La Pampa, Argentina...
✅ [COORDENADAS] -36.5923175, -64.2850175
📍 Procesando: Tacuarí, Francisco Zelada y, M5525 Rodeo de la Cruz, Mendoza, Argentina, Gran Mendoza, Mendoza, Argentina...
✅ [COORDENADAS] -32.9247102, -68.7344016
📍 Procesando: Esquina de El Parral, Vendimiadores y, M5500 Mendoza, Argentina, Mendoza Capital, Mendoza, Argentina...
✅ [COORDENADAS] -32.875266, -68.8430856
📍 Procesando: Lavalle 945, M5521KPW San José, Mendoza, Argentina, Mendoza Ciudad y Gran Mendoza, Mendoza, Argentina...
✅ [COORDENADAS] -32.88899, -68.8220128
📍 Procesando: Videla Castillo 1730, Mendoza, Argentina, Rivadavia, San Martin y Junín, Godoy Cruz, Maipú, Lujan, Las Heras, Guaymallen, Mendoza, Argentina...
✅ [COORDENADAS] -33.0333779, -68.8819727
📍 Procesando: Derqui 402, M5501 Godoy Cruz, Mendoza, Argentina, Mendoza, Argentina...
✅ [COORDENADAS] -32.9175034, -68.85151069999999
📍 Procesando: Ángel Rodríguez 985 km8, 5525 Mendoza, Argentina, Mendoza, Argentina...
✅ [COORDENADAS] -32.9403821, -68.7115589
📍 Procesando: Parque General San Martín, M5500 Capital, Mendoza, Argentina, Mendoza, Argentina...
✅ [COORDENADAS] -32.8898095, -68.8700868
📍 Procesando: lote 129, N3361 Gral. Alvear, Misiones, Argentina, Oberá, Misiones, Argentina...
✅ [COORDENADAS] -27.426356, -55.169621
📍 Procesando: Barrio Yacyreta Calle 66 casa 61 chacra 93, N3300 Posadas, Misiones, Argentina, Posadas, Misiones, Argentina...
✅ [COORDENADAS] -27.3761056, -55.9328995
📍 Procesando: La Huertita, D5700 San Luis, Argentina, San Luis Capital, San Luis, Argentina...
✅ [COORDENADAS] -33.2929612, -66.334158
📍 Procesando: Esteban Merlo 5051, Caseros, B1678 AXO, Provincia de Buenos Aires, Argentina, San Luis, Argentina...
✅ [COORDENADAS] -34.6106442, -58.56872449999999
📍 Procesando: Donnet y, Parque de la agricultura, Chacabuco S/N, S3080 Esperanza, Santa Fe, Argentina, Esperanza, Santa Fé, Argentina...
✅ [COORDENADAS] -31.448313, -60.9187476
📍 Procesando: Santa Fe Province, Argentina, Rosario, Santa Fé, Argentina...
✅ [COORDENADAS] -32.9587022, -60.69304159999999
📍 Procesando: Hughes, Santa Fé, Argentina...
✅ [COORDENADAS] -33.8014692, -61.3346764
📍 Procesando: Santa fé Capital y la costa, Santa Fé, Argentina...
✅ [COORDENADAS] -31.6106578, -60.697294
📍 Procesando: Bernardo de Irigoyen 1042, B1609 Boulogne, Provincia de Buenos Aires, Argentina, Boulogne, Buenos Aires, Argentina...
✅ [COORDENADAS] -34.5014523, -58.57641659999999
📍 Procesando: Albarellos 1875, B1648ALA Troncos del Talar, Provincia de Buenos Aires, Argentina, Campana, Zarate, Buenos Aires, Argentina...
✅ [COORDENADAS] -34.4405701, -58.5848961
📍 Procesando: Loma Verde, Buenos Aires Province, Argentina, Escobar, Maschwitz, Buenos Aires, Argentina...
✅ [COORDENADAS] -34.39121540000001, -58.7384929
📍 Procesando: Cañada de Escobar, Belén de Escobar, Provincia de Buenos Aires, Argentina, Escobar, Maschwitz, Buenos Aires, Argentina...
✅ [COORDENADAS] -34.3492147, -58.7651236
📍 Procesando: Av. Sta Fe 2171, B1640 Martínez, Provincia de Buenos Aires, Argentina, Martinez, Buenos Aires, Argentina...
✅ [COORDENADAS] -34.4909909, -58.4999996
📍 Procesando: Av. Andrés Rolón 201, B1642 San Isidro, Provincia de Buenos Aires, Argentina, Martinez, Buenos Aires, Argentina...
✅ [COORDENADAS] -34.4796196, -58.5285994
📍 Procesando: Chacabuco 563, B1602 Florida, Provincia de Buenos Aires, Argentina, Olivos, Florida, Martínez, La Lucila, Buenos Aires, Argentina...
✅ [COORDENADAS] -34.5347813, -58.4828488
📍 Procesando: Felipe Llavallol 1298 B1765FSY, B1765 Isidro Casanova, Provincia de Buenos Aires, Argentina, Pilar, Benavidez, Villanueva, Nordelta, Buenos Aires, Argentina...
✅ [COORDENADAS] -34.7084659, -58.5858675
📍 Procesando: Juan Mermoz Sur 2080, B1625 Belén de Escobar, Provincia de Buenos Aires, Argentina, San Fernando, Buenos Aires, Argentina...
✅ [COORDENADAS] -34.357372, -58.757562
📍 Procesando: María Asunta 3250, B1672 Villa Lynch, Provincia de Buenos Aires, Argentina, Tortuguitas, Buenos Aires, Argentina...
✅ [COORDENADAS] -34.5830499, -58.52253220000001
📍 Procesando: José Hernández 3124, B1653 Villa Gral. Juan Gregorio de Las Heras, Provincia de Buenos Aires, Argentina, Villa Ballester, Buenos Aires, Argentina...
✅ [COORDENADAS] -34.5542392, -58.5569042
📍 Procesando: Juan Bautista Alberdi 1213, B1663 San Miguel, Provincia de Buenos Aires, Argentina, Bella Vista, Muñiz, San Miguel, José C Paz, Buenos Aires, Argentina...
✅ [COORDENADAS] -34.5515473, -58.6996349
📍 Procesando: Mariano Acha 3939, C1430 Cdad. Autónoma de Buenos Aires, Argentina, Buenos Aires, Argentina...
✅ [COORDENADAS] -34.5564742, -58.49006319999999
📍 Procesando: Monteverde, B1636 Olivos, Provincia de Buenos Aires, Argentina, Buenos Aires, Argentina...
✅ [COORDENADAS] -34.5034881, -58.4962179
📍 Procesando: Prudan 164 1704, B1704 Ramos Mejía, Provincia de Buenos Aires, Argentina, Ramos Mejia, Ciudadela, Buenos Aires, Argentina...
✅ [COORDENADAS] -34.6478261, -58.554026
📍 Procesando: seccion chacras 29a, Q8309 Centenario, Neuquén, Argentina, Neuquén, Argentina...
✅ [COORDENADAS] -38.827752, -68.14429319999999
📍 Procesando: Cam. de los Nogales, R8430 El Bolsón, Río Negro, Argentina, El Bolsón, Bariloche, Río Negro, Argentina...
✅ [COORDENADAS] -41.9383921, -71.5208799
📍 Procesando: Malvinas Argentinas 7549, R8430 El Bolsón, Río Negro, Argentina, El Bolsón y alrededores, Río Negro, Argentina...
✅ [COORDENADAS] -41.9673176, -71.5317085
📍 Procesando: Parcela 8, Chacra 11, U9203 Trevelin, Chubut, Argentina, Trevelin, Río Negro, Argentina...
✅ [COORDENADAS] -43.0888123, -71.4625883
📍 Procesando: U9203 Trevelin, Chubut Province, Argentina, Trevelin, Río Negro, Argentina...
✅ [COORDENADAS] -43.0888123, -71.4625883
📍 Procesando: Callejon Peron 380, J5419 Albardón, San Juan, Argentina, Albardón, San Juan, Argentina...
✅ [COORDENADAS] -31.4307215, -68.5032223
📍 Procesando: Blvd. Rondeau 4023, S2000 Rosario, Santa Fe, Argentina, Rosario, Granadero Baigorria, Santa Fé, Argentina...
✅ [COORDENADAS] -32.8775795, -60.69786449999999
📍 Procesando: A. J. Paz, S2000 Rosario, Santa Fe, Argentina, Rosario, Santa Fé, Argentina...
✅ [COORDENADAS] -32.9083707, -60.7743918
📍 Procesando: Diag. Caseros 1900, S3000 Santa Fe de la Vera Cruz, Santa Fe, Argentina, Santa Fé Capital, Santa Fé, Argentina...
✅ [COORDENADAS] -31.642761, -60.69711269999999
📍 Procesando: Santa Fe, Santa Fe Province, Argentina, Santa Fé Capital, Santa Fé, Argentina...
✅ [COORDENADAS] -31.6106578, -60.697294
📍 Procesando: Moreno 3504, S3000 CVY, Santa Fe, Argentina, Santa Fé Capital, Santa Fé, Argentina...
✅ [COORDENADAS] -31.6106578, -60.697294
📍 Procesando: S3000 Santa Fe, Santa Fe Province, Argentina, Santa Fé Capital, Santa Fé, Argentina...
✅ [COORDENADAS] -31.6106578, -60.697294
📍 Procesando: Santa Fe, Santa Fe Province, Argentina, Santa Fé Capital, Santa Fé, Argentina...
✅ [COORDENADAS] -31.6106578, -60.697294
📍 Procesando: Perú 1402, T4107 Yerba Buena, Tucumán, Argentina, Yerba Buena, Tucumán, Argentina...
✅ [COORDENADAS] -26.8081864, -65.2893527
📍 Procesando: Ciudad Autónoma de Buenos Aires AR, Cnel. Dorrego 959, B1752 La Tablada, Provincia de Buenos Aires, Argentina, Haedo, Ramos Mejía, Ciudadela, Villa Luzuriaga, San Justo, La Tablada, Tapiales, Morón, Casanova, Rafael Castillo, Castelar, Palomar, Caseros, Santos Lugares, Bella Vista, Hurlingam, Martín Coronado, Villa Udaondo, Parque Leloir, Ituzaingó, Merlo, Moreno, Fco Alvarez, Gral Rodriguez, Mariano Acosta, Marcos Paz, San Miguel, José c. Paz, Trujui, Quilmes, Berasategui, Avellaneda, Lanús, Buenos Aires, Argentina...
✅ [COORDENADAS] -34.6619402, -58.52280159999999
📍 Procesando: Av. de Mayo 434, B1704 Ramos Mejía, Provincia de Buenos Aires, Argentina, San Justo, Ramos Mejía, Morón, Lomás del Mirador, Villa Luzuriaga, Haedo, Isidro Casanova, Buenos Aires, Argentina...
✅ [COORDENADAS] -34.6447403, -58.5646782
📍 Procesando: Pasco, Pringles esq, B1704 Ramos Mejía, Provincia de Buenos Aires, Argentina, Ramos Mejia, Lomas del Mirador, Villa Luzuriaga, San Justo, Tapiales, Tablada, Morón, Castelar, Ituzingo, Haedo, Mataderos, Ciudadela, Liniers, Villa Real, Floresta, Flores, Buenos Aires, Argentina...
✅ [COORDENADAS] -34.6546146, -58.557835
📍 Procesando: Las Casuarinas, Parque Ambiental, Los Alamos 1300, B1803 La Unión, Provincia de Buenos Aires, Argentina, Adrogué, Buenos Aires, Argentina...
✅ [COORDENADAS] -34.887077, -58.5406007
📍 Procesando: Alvear 673, B1704CAQ Ramos Mejía, Provincia de Buenos Aires, Argentina, Berazategui, Buenos Aires, Argentina...
✅ [COORDENADAS] -34.762001, -58.2112961
📍 Procesando: Av. Sta. Fe 188, B1832CIB, B1832CIB Lomas de Zamora, Provincia de Buenos Aires, Argentina, Lomas de Zamora, Buenos Aires, Argentina...
✅ [COORDENADAS] -34.7555436, -58.421285
📍 Procesando: Rincón 100, B1828 Banfield, Provincia de Buenos Aires, Argentina, Lomas de Zamora, Lanús, Banfield, Temperley, Remedios de Escalada, Adrogué, Lavallol, Villa Turdera, Caning, Monte Grande, Buenos Aires, Argentina...
✅ [COORDENADAS] -34.7407173, -58.3941797
📍 Procesando: C. 164 661, B1876 Bernal Oeste, Provincia de Buenos Aires, Argentina, Quilmes oeste, Bernal oeste y centro, Buenos Aires, Argentina...
✅ [COORDENADAS] -34.7248295, -58.3084538
📍 Procesando: Mariano Castex 4961, B1804 Canning, Provincia de Buenos Aires, Argentina, Buenos Aires, Argentina...
✅ [COORDENADAS] -34.89724, -58.5087445
📍 Procesando: Rivera 845, B1607 Villa Adelina, Provincia de Buenos Aires, Argentina, Buenos Aires, Argentina...
✅ [COORDENADAS] -34.5054408, -58.5473288
📍 Procesando: Pl. Bynnon 49, B1846 Adrogué, Provincia de Buenos Aires, Argentina, José Marmol, Adrogue, Rafael Calzada, Burzaco, Longchamps, Turdera, Luis Guillón, Llavallol, Monte Grande, Temperley, Lomas de zamora, Banfield, Remedios de Escalada, Lanús, Buenos Aires, Argentina...
✅ [COORDENADAS] -34.7948718, -58.38335959999999
📍 Procesando: México 1400, B7604FLD Mar del Plata, Provincia de Buenos Aires, Argentina, Mar del Plata, Buenos Aires, Argentina...
✅ [COORDENADAS] -37.9824554, -57.5739193
📍 Procesando: San Juan 465, B7600BUI Mar del Plata, Provincia de Buenos Aires, Argentina, Mar del Plata, Buenos Aires, Argentina...
✅ [COORDENADAS] -37.9811557, -57.5550399
📍 Procesando: 3755 B7600GRG, San Martín 3755, B7600GRG Mar del Plata, Provincia de Buenos Aires, Argentina, Mar del Plata, Buenos Aires, Argentina...
✅ [COORDENADAS] -37.99844, -57.5486671
📍 Procesando: Av. Moreno Sur 124, G4200 Santiago del Estero, Argentina, Mar del Plata, Buenos Aires, Argentina...
✅ [COORDENADAS] -27.7874539, -64.2671908
📍 Procesando: B7607 Miramar, Buenos Aires Province, Argentina, Miramar, Buenos Aires, Argentina...
✅ [COORDENADAS] -38.2703965, -57.83975249999999
📍 Procesando: México 1400, B7604FLD Mar del Plata, Provincia de Buenos Aires, Argentina, Santa Clara del Mar, Buenos Aires, Argentina...
✅ [COORDENADAS] -37.83743880000001, -57.5022163
📍 Procesando: Barrera 1433, B6640 Bragado, Provincia de Buenos Aires, Argentina, Bragado, Buenos Aires, Argentina...
✅ [COORDENADAS] -35.131847, -60.49576130000001
📍 Procesando: Pilar Centro, Provincia de Buenos Aires, Argentina, Exaltación de la Cruz, Buenos Aires, Argentina...
✅ [COORDENADAS] -34.4549157, -58.9324678
📍 Procesando: Calle 55 Otto Bemberg, B1885 Guillermo Enrique Hudson, Provincia de Buenos Aires, Argentina, Hudson, Buenos Aires, Argentina...
✅ [COORDENADAS] -34.7967456, -58.1704163
📍 Procesando: Calle 20 878, C. 17 1800, B1900 La Plata, Provincia de Buenos Aires, Argentina, La Plata, Buenos Aires, Argentina...
✅ [COORDENADAS] -34.9267922, -57.9632464
📍 Procesando: C. 115 1627, B1904 La Plata, Provincia de Buenos Aires, Argentina, La Plata, Buenos Aires, Argentina...
✅ [COORDENADAS] -34.9191071, -57.9282553
📍 Procesando: Calle 20 878, C. 17 1800, B1900 La Plata, Provincia de Buenos Aires, Argentina, La Plata, Buenos Aires, Argentina...
✅ [COORDENADAS] -34.9267922, -57.9632464
📍 Procesando: Av. 7 N°1224, B1900 La Plata, Provincia de Buenos Aires, Argentina, La Plata, Buenos Aires, Argentina...
✅ [COORDENADAS] -34.9187377, -57.9442207
📍 Procesando: C. 467 565, B1896 City Bell, Provincia de Buenos Aires, Argentina, La Plata, Gonnet, City Bell, Villa Elisa, Buenos Aires, Argentina...
✅ [COORDENADAS] -34.8911631, -58.06372809999999
📍 Procesando: Ruta 41 Km 100, B6600 Mercedes, Provincia de Buenos Aires, Argentina, Mercedes, Buenos Aires, Argentina...
✅ [COORDENADAS] -35.3203123, -58.9079591
📍 Procesando: 548, C. 12 500, B6602 Mercedes, Provincia de Buenos Aires, Argentina, Mercedes, Buenos Aires, Argentina...
✅ [COORDENADAS] -34.6561603, -59.43062570000001
📍 Procesando: Llambias s/n, B6400CEC Trenque Lauquen, Provincia de Buenos Aires, Argentina, Trenque Lauquen, Buenos Aires, Argentina...
✅ [COORDENADAS] -35.9806791, -62.7144566
📍 Procesando: Thames 2147, C1425 Cdad. Autónoma de Buenos Aires, Argentina, Ciudad Autónoma de Buenos Aires, Argentina...
✅ [COORDENADAS] -34.584558, -58.4258196
📍 Procesando: Paraguay 3747, C1425BRY Cdad. Autónoma de Buenos Aires, Argentina, Ciudad Autónoma de Buenos Aires, Argentina...
✅ [COORDENADAS] -34.5906788, -58.4163169
📍 Procesando: Reconquista 2210, B1618BDT El Talar, Provincia de Buenos Aires, Argentina, Ciudad Autónoma de Buenos Aires, Argentina...
✅ [COORDENADAS] -34.4757191, -58.6509291
📍 Procesando: Lavalle 800-702, C1049 C1047AAP, Cdad. Autónoma de Buenos Aires, Argentina, Ciudad Autónoma de Buenos Aires, Argentina...
✅ [COORDENADAS] -34.6024496, -58.37805109999999
📍 Procesando: Mariano Acha 2082, C1430DUP C1430DUP, Cdad. Autónoma de Buenos Aires, Argentina, Ciudad Autónoma de Buenos Aires, Argentina...
✅ [COORDENADAS] -34.5738062, -58.475872
📍 Procesando: Av. Federico Lacroze 4171, 1427 Cdad. Autónoma de Buenos Aires, Argentina, Ciudad Autónoma de Buenos Aires, Argentina...
✅ [COORDENADAS] -34.586425, -58.45510699999999
📍 Procesando: Río Limay 1233, C1278ABB Cdad. Autónoma de Buenos Aires, Argentina, Ciudad Autónoma de Buenos Aires, Argentina...
✅ [COORDENADAS] -34.6486647, -58.38699990000001
📍 Procesando: Manuela Pedraza 2042, C1429BBA Cdad. Autónoma de Buenos Aires, Argentina, Ciudad Autónoma de Buenos Aires, Argentina...
✅ [COORDENADAS] -34.5496077, -58.46281579999999
📍 Procesando: Nuñez 2351, C1429 Cdad. Autónoma de Buenos Aires, Argentina, Ciudad Autónoma de Buenos Aires, Argentina...
✅ [COORDENADAS] -34.5492432, -58.4669993
📍 Procesando: Av. Soldado de la Frontera 5032, C1439 Cdad. Autónoma de Buenos Aires, Argentina, Ciudad Autónoma de Buenos Aires, Argentina...
✅ [COORDENADAS] -34.6829653, -58.4651712
📍 Procesando: Álvarez Jonte 3001, C1416 EYC, Cdad. Autónoma de Buenos Aires, Argentina, Ciudad Autónoma de Buenos Aires, Argentina...
✅ [COORDENADAS] -34.6092831, -58.4850156
📍 Procesando: Mejico 196 Piñeyro, B1868 buenos aires, Provincia de Buenos Aires, Argentina, Ciudad Autónoma de Buenos Aires, Argentina...
✅ [COORDENADAS] -34.6741161, -58.3846788
📍 Procesando: Av. Dorrego 1429, C1414 CKJ, Cdad. Autónoma de Buenos Aires, Argentina, Ciudad Autónoma de Buenos Aires, Argentina...
✅ [COORDENADAS] -34.585483, -58.4447255
📍 Procesando: Av. S. Martín 6220, C1419 Cdad. Autónoma de Buenos Aires, Argentina, Ciudad Autónoma de Buenos Aires, Argentina...
✅ [COORDENADAS] -34.5947263, -58.50331010000001
📍 Procesando: Paraguay 4393, C1425BSK Cdad. Autónoma de Buenos Aires, Argentina, Ciudad Autónoma de Buenos Aires, Argentina...
✅ [COORDENADAS] -34.58548, -58.42300780000001
📍 Procesando: Heriberto Martínez 6259, X5021 Córdoba, Argentina, Arguello, Córdoba, Argentina...
✅ [COORDENADAS] -31.3465808, -64.26442779999999
📍 Procesando: Yatasto 20, X5004 Córdoba, Argentina, Córdoba Capital, Córdoba, Argentina...
✅ [COORDENADAS] -31.4126188, -64.1526591
📍 Procesando: Mariano Fragueiro 2474, X5000 Córdoba, Argentina, Córdoba Capital - Bario Alta Córdoba, Córdoba, Argentina...
✅ [COORDENADAS] -31.3867319, -64.18365109999999
📍 Procesando: Calle pública s/n, X5875 La Población, Córdoba, Argentina, Potrero de Garay, Córdoba, Argentina...
✅ [COORDENADAS] -31.445471, -64.1392533
📍 Procesando: Unnamed Road, Córdoba, Argentina, Río Segundo, Río Tercero, Oncativo, Pilar y Laguna Larga, Córdoba, Argentina...
✅ [COORDENADAS] -31.7768475, -63.7998764
📍 Procesando: Cjón. de Gingins, San Martín de los Andes, Neuquén, Argentina, San Martín de los Andes, Neuquén, Argentina...
✅ [COORDENADAS] -40.1325398, -71.3140428
📍 Procesando: Vereerbrugghen 2099-2299, R8400 San Carlos de Bariloche, Río Negro, Argentina, Bariloche, Río Negro, Argentina...
✅ [COORDENADAS] -41.1295346, -71.27934979999999
📍 Procesando: RN151 km 24,5, R8301 Contralmirante Cordero, Río Negro, Argentina, Contralmirante Cordero, Río Negro, Argentina...
✅ [COORDENADAS] -38.7560366, -68.0995116
📍 Procesando: Av. Francisco de Viedma 500-598, Viedma, Río Negro, Argentina, Viedma, Carmen de Patagones, Río Negro, Argentina...
✅ [COORDENADAS] -40.8143926, -62.9846473
✨ RESCATE COMPLETADO. Mapas limpios y exactos.
